Copyright 1986-2018 Xilinx, Inc. All Rights Reserved.
------------------------------------------------------------------------------------
| Tool Version : Vivado v.2018.2 (win64) Build 2258646 Thu Jun 14 20:03:12 MDT 2018
| Date         : Fri Mar  7 16:45:15 2025
| Host         : DESKTOP-VV48MO8 running 64-bit major release  (build 9200)
| Command      : report_control_sets -verbose -file DSP_control_sets_placed.rpt
| Design       : DSP
| Device       : xc7a200t
------------------------------------------------------------------------------------

Control Set Information

Table of Contents
-----------------
1. Summary
2. Histogram
3. Flip-Flop Distribution
4. Detailed Control Set Information

1. Summary
----------

+----------------------------------------------------------+-------+
|                          Status                          | Count |
+----------------------------------------------------------+-------+
| Number of unique control sets                            |     6 |
| Unused register locations in slices containing registers |    12 |
+----------------------------------------------------------+-------+


2. Histogram
------------

+--------+--------------+
| Fanout | Control Sets |
+--------+--------------+
|      4 |            1 |
|    16+ |            5 |
+--------+--------------+


3. Flip-Flop Distribution
-------------------------

+--------------+-----------------------+------------------------+-----------------+--------------+
| Clock Enable | Synchronous Set/Reset | Asynchronous Set/Reset | Total Registers | Total Slices |
+--------------+-----------------------+------------------------+-----------------+--------------+
| No           | No                    | No                     |               0 |            0 |
| No           | No                    | Yes                    |               0 |            0 |
| No           | Yes                   | No                     |               0 |            0 |
| Yes          | No                    | No                     |               0 |            0 |
| Yes          | No                    | Yes                    |               0 |            0 |
| Yes          | Yes                   | No                     |             340 |           59 |
+--------------+-----------------------+------------------------+-----------------+--------------+


4. Detailed Control Set Information
-----------------------------------

+----------------+----------------+------------------+------------------+----------------+
|  Clock Signal  |  Enable Signal | Set/Reset Signal | Slice Load Count | Bel Load Count |
+----------------+----------------+------------------+------------------+----------------+
|  clk_IBUF_BUFG | CECARRYIN_IBUF | RSTCARRYIN_IBUF  |                2 |              4 |
|  clk_IBUF_BUFG | CEA_IBUF       | RSTA_IBUF        |                6 |             36 |
|  clk_IBUF_BUFG | CED_IBUF       | RSTD_IBUF        |                7 |             36 |
|  clk_IBUF_BUFG | CEB_IBUF       | RSTB_IBUF        |               14 |             72 |
|  clk_IBUF_BUFG | CEC_IBUF       | RSTC_IBUF        |               18 |             96 |
|  clk_IBUF_BUFG | CEP_IBUF       | RSTP_IBUF        |               12 |             96 |
+----------------+----------------+------------------+------------------+----------------+


